

Results for val_3 & agent_ness

agent_ness : 83750 : 259244 : 56.15115737915039 : 65.19403

Mean AP:: 56.15 mean Recall 65.19


Results for val_3 & agent

Ped : 29968 : 178843 : 40.974552154541016 : 60.347706
Car : 23903 : 70833 : 69.83533477783203 : 75.24997
Cyc : 7760 : 68307 : 45.65787887573242 : 63.78866
Mobike : 627 : 23579 : 18.72471809387207 : 96.49123
MedVeh : 5458 : 34713 : 15.251262664794922 : 38.42067
LarVeh : 2374 : 35227 : 15.776656150817871 : 60.741364
Bus : 2052 : 17208 : 40.19684982299805 : 68.128654
EmVeh : 197 : 10176 : 0.08349203318357468 : 11.675127
TL : 7809 : 61637 : 50.419151306152344 : 63.119476
OthTL : 3602 : 25798 : 14.14181137084961 : 38.70072

Mean AP:: 31.11 mean Recall 57.67


Results for val_3 & action

Red : 5414 : 44077 : 43.82439422607422 : 52.41965
Amber : 885 : 25570 : 35.10363006591797 : 55.932205
Green : 4612 : 44219 : 36.467716217041016 : 53.96791
MovAway : 28631 : 170865 : 40.300323486328125 : 63.277565
MovTow : 18628 : 139097 : 45.0603141784668 : 68.27893
Mov : 694 : 51443 : 2.4689741134643555 : 32.42075
Brake : 6651 : 30048 : 49.037742614746094 : 70.876564
Stop : 21237 : 128000 : 39.3349723815918 : 60.300423
IncatLft : 1303 : 40206 : 11.511503219604492 : 95.54873
IncatRht : 541 : 35439 : 1.4982850551605225 : 77.449165
HazLit : 549 : 23523 : 11.223062515258789 : 70.491806
TurLft : 563 : 48462 : 6.5561065673828125 : 67.14032
TurRht : 309 : 32377 : 10.953635215759277 : 68.93204
Ovtak : 128 : 25776 : 0.9766086935997009 : 85.9375
Wait2X : 1856 : 54859 : 7.690963268280029 : 51.508625
XingFmLft : 1632 : 53950 : 37.69121551513672 : 69.4853
XingFmRht : 1499 : 58007 : 25.6686954498291 : 64.17612
Xing : 171 : 45454 : 2.1498570442199707 : 61.988304
PushObj : 457 : 54042 : 11.105935096740723 : 39.824944

Mean AP:: 22.03 mean Recall 63.68


Results for val_3 & loc

VehLane : 21373 : 67077 : 53.74104309082031 : 63.678474
OutgoLane : 4069 : 45159 : 24.780420303344727 : 74.29344
OutgoCycLane : 1023 : 34488 : 35.0430793762207 : 68.035194
IncomLane : 11387 : 66115 : 59.5079345703125 : 75.25248
IncomCycLane : 1150 : 53914 : 38.44133758544922 : 72.52174
Pav : 2760 : 76191 : 3.830275058746338 : 31.231884
LftPav : 15738 : 100928 : 37.872928619384766 : 59.93773
RhtPav : 10234 : 110010 : 31.27838706970215 : 57.52394
Jun : 7982 : 99557 : 26.624488830566406 : 67.414185
xing : 903 : 51981 : 15.076008796691895 : 55.813957
BusStop : 465 : 46342 : 0.2713928520679474 : 24.731182
parking : 1 : 70956 : 0.0 : 0.0

Mean AP:: 27.21 mean Recall 54.20


Results for val_3 & duplex

Bus-MovAway : 739 : 10514 : 23.708799362182617 : 62.65223
Bus-MovTow : 646 : 7832 : 44.573123931884766 : 69.81424
Bus-Stop : 484 : 10786 : 5.735818862915039 : 61.157024
Bus-XingFmLft : 123 : 12289 : 0.17943422496318817 : 20.325203
Car-Brake : 5668 : 23726 : 53.7442741394043 : 70.34227
Car-IncatLft : 674 : 31827 : 18.599573135375977 : 95.10386
Car-IncatRht : 411 : 20104 : 2.0169994831085205 : 79.31873
Car-MovAway : 9016 : 34254 : 61.34973907470703 : 74.589615
Car-MovTow : 3752 : 27777 : 67.78145599365234 : 83.31557
Car-Stop : 9897 : 39663 : 50.86368179321289 : 65.06012
Car-TurLft : 301 : 22456 : 9.777361869812012 : 85.382065
Car-TurRht : 252 : 15210 : 12.539480209350586 : 76.98412
Car-XingFmLft : 827 : 19875 : 55.61533737182617 : 83.67594
Car-XingFmRht : 393 : 18860 : 48.772369384765625 : 82.697205
Cyc-MovAway : 3423 : 37697 : 37.39577102661133 : 55.623722
Cyc-MovTow : 1902 : 36113 : 37.17412185668945 : 66.19348
Cyc-Stop : 2302 : 39792 : 38.31708908081055 : 65.682014
Cyc-TurLft : 64 : 24174 : 0.005092361010611057 : 12.5
Cyc-XingFmLft : 70 : 20230 : 2.5903913974761963 : 34.285717
Cyc-XingFmRht : 63 : 18570 : 17.213769912719727 : 30.158731
LarVeh-Stop : 1431 : 21626 : 10.832242012023926 : 49.196365
MedVeh-IncatLft : 42 : 12939 : 0.4941737651824951 : 80.952385
MedVeh-MovTow : 908 : 22366 : 43.44571304321289 : 75.11013
MedVeh-Stop : 2444 : 17111 : 3.543327808380127 : 22.29951
MedVeh-TurRht : 57 : 15175 : 0.09155739098787308 : 29.82456
OthTL-Green : 1213 : 13106 : 0.5414613485336304 : 19.373455
OthTL-Red : 2183 : 23663 : 4.552928924560547 : 24.553368
Ped-Mov : 694 : 51706 : 3.0455210208892822 : 32.42075
Ped-MovAway : 12895 : 135076 : 25.059791564941406 : 56.95231
Ped-MovTow : 10959 : 105572 : 29.128992080688477 : 58.600235
Ped-PushObj : 457 : 54741 : 11.114665031433105 : 40.043762
Ped-Stop : 3934 : 83986 : 9.685588836669922 : 49.54245
Ped-Wait2X : 1770 : 53987 : 7.895314693450928 : 51.80791
Ped-Xing : 171 : 45801 : 2.937215805053711 : 61.403507
Ped-XingFmLft : 520 : 32620 : 25.73595428466797 : 55.57692
Ped-XingFmRht : 966 : 41989 : 19.07470703125 : 56.10766
TL-Amber : 679 : 27987 : 35.68385696411133 : 58.468334
TL-Green : 3399 : 46720 : 45.09144973754883 : 64.37187
TL-Red : 3231 : 33499 : 59.24131774902344 : 69.04983

Mean AP:: 23.72 mean Recall 57.19


Results for val_3 & triplet

Bus-MovTow-IncomLane : 544 : 8006 : 45.02734375 : 82.16911
Bus-MovTow-Jun : 194 : 9188 : 6.020092487335205 : 56.185566
Bus-Stop-IncomLane : 254 : 7110 : 3.3732385635375977 : 63.779526
Bus-Stop-VehLane : 182 : 3513 : 4.910991191864014 : 65.38461
Bus-XingFmLft-Jun : 123 : 12152 : 0.2082013487815857 : 21.138212
Car-Brake-Jun : 1143 : 7435 : 42.53227233886719 : 87.926506
Car-Brake-VehLane : 5425 : 12242 : 57.425437927246094 : 67.41013
Car-IncatLft-Jun : 531 : 15962 : 15.317745208740234 : 89.64218
Car-IncatLft-VehLane : 177 : 20638 : 5.865874290466309 : 88.1356
Car-IncatRht-IncomLane : 193 : 19773 : 8.595382690429688 : 86.528496
Car-IncatRht-Jun : 128 : 11652 : 0.775236964225769 : 57.03125
Car-MovAway-Jun : 1991 : 17452 : 22.111268997192383 : 51.98393
Car-MovAway-OutgoLane : 619 : 23605 : 6.829565048217773 : 74.31341
Car-MovAway-VehLane : 8008 : 20498 : 58.049957275390625 : 70.67932
Car-MovTow-IncomLane : 3603 : 22842 : 67.70128631591797 : 83.23619
Car-MovTow-Jun : 339 : 24347 : 7.167750358581543 : 79.056046
Car-Stop-IncomLane : 2546 : 20724 : 45.64938735961914 : 70.89552
Car-Stop-Jun : 2178 : 25806 : 21.321191787719727 : 62.947662
Car-Stop-VehLane : 5257 : 17643 : 57.485015869140625 : 63.172913
Car-TurLft-Jun : 268 : 17631 : 9.547198295593262 : 79.477615
Car-TurLft-VehLane : 84 : 11252 : 5.102053165435791 : 65.47619
Car-TurRht-IncomLane : 54 : 15844 : 0.2664632499217987 : 48.148148
Car-TurRht-Jun : 198 : 11264 : 6.56721830368042 : 72.22222
Car-XingFmLft-Jun : 827 : 19986 : 55.56945037841797 : 83.4341
Cyc-MovAway-Jun : 185 : 26304 : 0.10157283395528793 : 25.405403
Cyc-MovAway-LftPav : 478 : 13369 : 0.2442326843738556 : 9.62343
Cyc-MovAway-OutgoCycLane : 1019 : 16253 : 37.64750671386719 : 66.63396
Cyc-MovAway-OutgoLane : 216 : 12615 : 7.307583808898926 : 73.14815
Cyc-MovAway-VehLane : 1671 : 14506 : 23.46637725830078 : 50.688213
Cyc-MovTow-IncomCycLane : 1002 : 27654 : 42.74578094482422 : 78.243515
Cyc-MovTow-IncomLane : 577 : 19440 : 10.316015243530273 : 53.55286
Cyc-MovTow-Jun : 106 : 19829 : 5.931267261505127 : 69.81132
Cyc-MovTow-LftPav : 240 : 13373 : 17.288742065429688 : 54.583336
Cyc-Stop-IncomCycLane : 73 : 23063 : 0.7362708449363708 : 43.835617
Cyc-Stop-IncomLane : 485 : 14354 : 5.969934940338135 : 50.721653
Cyc-Stop-Jun : 174 : 20157 : 2.8586132526397705 : 60.91954
Cyc-TurLft-Jun : 64 : 21232 : 0.007047160528600216 : 15.625
Cyc-XingFmLft-Jun : 70 : 17684 : 1.3508455753326416 : 34.285717
MedVeh-MovTow-IncomLane : 908 : 17844 : 42.96000671386719 : 72.907486
MedVeh-MovTow-Jun : 30 : 17222 : 0.3522211015224457 : 86.666664
MedVeh-Stop-IncomLane : 602 : 9458 : 18.125507354736328 : 74.75083
MedVeh-Stop-Jun : 28 : 11519 : 0.0 : 0.0
MedVeh-TurRht-Jun : 51 : 14196 : 0.0673842802643776 : 29.411766
Ped-Mov-Pav : 694 : 32958 : 3.7390482425689697 : 28.674353
Ped-MovAway-LftPav : 8328 : 58450 : 24.282516479492188 : 54.35879
Ped-MovAway-Pav : 659 : 59170 : 0.18062610924243927 : 22.306526
Ped-MovAway-RhtPav : 2822 : 79721 : 10.01717758178711 : 48.582565
Ped-MovTow-IncomLane : 35 : 17846 : 0.3076578378677368 : 71.42857
Ped-MovTow-LftPav : 4637 : 57754 : 29.334453582763672 : 61.69937
Ped-MovTow-RhtPav : 5090 : 55138 : 29.771522521972656 : 56.75835
Ped-MovTow-VehLane : 67 : 24632 : 0.3190516233444214 : 86.56716
Ped-PushObj-LftPav : 198 : 30265 : 5.507784843444824 : 24.242424
Ped-PushObj-RhtPav : 85 : 29641 : 0.07012098282575607 : 21.176472
Ped-Stop-BusStop : 465 : 38470 : 0.39964690804481506 : 24.946236
Ped-Stop-LftPav : 1726 : 42940 : 11.71273422241211 : 50.52144
Ped-Stop-Pav : 236 : 34945 : 0.04183412343263626 : 18.644068
Ped-Stop-RhtPav : 1610 : 40370 : 3.35325288772583 : 40.496895
Ped-Stop-VehLane : 151 : 18832 : 6.3096113204956055 : 53.642387
Ped-Wait2X-LftPav : 900 : 30158 : 12.323594093322754 : 47.88889
Ped-Wait2X-RhtPav : 680 : 27009 : 2.6774678230285645 : 52.35294
Ped-XingFmLft-IncomLane : 83 : 12552 : 0.0 : 0.0
Ped-XingFmLft-Jun : 54 : 20941 : 1.0597901344299316 : 46.296295
Ped-XingFmLft-VehLane : 71 : 20327 : 23.695507049560547 : 91.54929
Ped-XingFmLft-xing : 305 : 28418 : 9.797638893127441 : 62.62295
Ped-XingFmRht-IncomLane : 157 : 16516 : 0.23958700895309448 : 24.203821
Ped-XingFmRht-Jun : 56 : 21662 : 0.014135206118226051 : 23.214285
Ped-XingFmRht-RhtPav : 90 : 6480 : 0.0 : 0.0
Ped-XingFmRht-VehLane : 108 : 17179 : 0.059653330594301224 : 25.925926

Mean AP:: 13.91 mean Recall 53.81


Results for val_3 & av_actions

AV-Stop : 3992 : 16700 : 95.43619337859384
AV-Mov : 11469 : 16700 : 97.78375453238178
AV-TurRht : 522 : 16700 : 44.322296372734
AV-TurLft : 501 : 16700 : 73.12658042861356
AV-MovRht : 33 : 16700 : 0.7912699899899712
AV-MovLft : 90 : 16700 : 0.6372258106238654
AV-Ovtak : 93 : 16700 : 1.2024459138535202
FRAME Mean AP:: 44.76

Mean AP:: 44.76 mean Recall 1.00
