resnet50I3D512-Pkinetics-b4s8x1x1-roadt3-h3x3x3
Building tubes......


Results for val_3 & agent @ 0.20 stiou

Ped : 398 : 2846 : 23.47227668762207 : 38.693466
Car : 187 : 2846 : 52.105045318603516 : 72.72727
Cyc : 89 : 2846 : 31.738222122192383 : 55.05618
Mobike : 3 : 2846 : 36.01364517211914 : 66.66667
MedVeh : 36 : 2846 : 32.543575286865234 : 69.44444
LarVeh : 21 : 2846 : 25.746171951293945 : 61.904762
Bus : 22 : 2846 : 41.89115524291992 : 54.545456
EmVeh : 2 : 2846 : 0.0 : 0.0
TL : 39 : 2846 : 15.803523063659668 : 35.897438
OthTL : 12 : 2846 : 0.5797163844108582 : 16.666668

Mean AP:: 25.99 mean Recall 47.16


Results for val_3 & action @ 0.20 stiou

Red : 28 : 1183 : 6.072078704833984 : 17.857143
Amber : 20 : 838 : 1.5425742864608765 : 20.0
Green : 37 : 976 : 31.21099853515625 : 40.54054
MovAway : 257 : 2806 : 22.856407165527344 : 42.023346
MovTow : 325 : 2669 : 44.744407653808594 : 57.53846
Mov : 22 : 1493 : 6.5665283203125 : 27.272728
Brake : 42 : 589 : 10.790169715881348 : 26.190477
Stop : 189 : 2758 : 21.744752883911133 : 42.857143
IncatLft : 22 : 1026 : 0.3414127826690674 : 13.636364
IncatRht : 13 : 836 : 0.7302201390266418 : 38.46154
HazLit : 3 : 609 : 38.678314208984375 : 100.0
TurLft : 20 : 1690 : 2.2253942489624023 : 40.0
TurRht : 7 : 846 : 14.934364318847656 : 42.857143
Ovtak : 2 : 651 : 2.499008893966675 : 100.0
Wait2X : 30 : 1880 : 5.990272045135498 : 33.333336
XingFmLft : 53 : 1946 : 25.094785690307617 : 56.60377
XingFmRht : 31 : 2210 : 33.0714225769043 : 51.6129
Xing : 4 : 1645 : 2.6243293285369873 : 75.0
PushObj : 6 : 1800 : 33.333335876464844 : 33.333336

Mean AP:: 16.06 mean Recall 45.22


Results for val_3 & loc @ 0.20 stiou

VehLane : 60 : 2680 : 32.13859939575195 : 55.0
OutgoLane : 31 : 1921 : 26.723190307617188 : 64.51613
OutgoCycLane : 15 : 1636 : 30.09860610961914 : 40.0
IncomLane : 181 : 2538 : 57.95558547973633 : 71.27071
IncomCycLane : 27 : 2125 : 56.1124382019043 : 66.66667
Pav : 76 : 2153 : 4.4629597663879395 : 19.736843
LftPav : 185 : 2591 : 29.204103469848633 : 42.7027
RhtPav : 155 : 2611 : 21.023487091064453 : 38.064514
Jun : 153 : 2820 : 27.515979766845703 : 48.366013
xing : 25 : 2451 : 4.946537017822266 : 40.0
BusStop : 6 : 2305 : 0.21367523074150085 : 16.666668
parking : 1 : 2627 : 0.0 : 0.0

Mean AP:: 24.20 mean Recall 41.92


Results for val_3 & duplex @ 0.20 stiou

Bus-MovAway : 9 : 223 : 9.259260177612305 : 22.222223
Bus-MovTow : 9 : 171 : 61.975311279296875 : 66.66667
Bus-Stop : 4 : 280 : 12.868672370910645 : 75.0
Bus-XingFmLft : 4 : 201 : 0.7352941036224365 : 25.0
Car-Brake : 37 : 354 : 10.061470031738281 : 21.621622
Car-IncatLft : 17 : 639 : 0.2161223143339157 : 11.764706
Car-IncatRht : 9 : 386 : 1.3873966932296753 : 44.444447
Car-MovAway : 50 : 645 : 29.469940185546875 : 52.0
Car-MovTow : 77 : 739 : 67.0487289428711 : 75.32467
Car-Stop : 73 : 796 : 30.49835205078125 : 50.68493
Car-TurLft : 10 : 427 : 2.2675869464874268 : 50.0
Car-TurRht : 6 : 302 : 17.170068740844727 : 33.333336
Car-XingFmLft : 31 : 369 : 35.866416931152344 : 61.290325
Car-XingFmRht : 11 : 309 : 63.6363639831543 : 63.636364
Cyc-MovAway : 30 : 801 : 22.742271423339844 : 40.0
Cyc-MovTow : 44 : 1028 : 42.97908401489258 : 63.636364
Cyc-Stop : 21 : 995 : 22.56078338623047 : 42.857143
Cyc-TurLft : 5 : 357 : 0.0 : 0.0
Cyc-XingFmLft : 1 : 239 : 0.0 : 0.0
Cyc-XingFmRht : 2 : 188 : 50.0 : 50.0
LarVeh-Stop : 12 : 413 : 17.732685089111328 : 41.666664
MedVeh-IncatLft : 4 : 245 : 0.0 : 0.0
MedVeh-MovTow : 16 : 551 : 68.32948303222656 : 81.25
MedVeh-Stop : 15 : 366 : 12.741097450256348 : 46.666668
MedVeh-TurRht : 1 : 296 : 1.8518518209457397 : 100.0
OthTL-Green : 6 : 435 : 0.6037517189979553 : 33.333336
OthTL-Red : 11 : 522 : 1.1363636255264282 : 9.090909
Ped-Mov : 22 : 1234 : 7.142477512359619 : 27.272728
Ped-MovAway : 149 : 2046 : 19.637468338012695 : 38.926174
Ped-MovTow : 173 : 1864 : 27.709060668945312 : 42.774567
Ped-PushObj : 6 : 1562 : 33.333335876464844 : 33.333336
Ped-Stop : 61 : 1984 : 7.16336727142334 : 29.508198
Ped-Wait2X : 28 : 1610 : 2.7954437732696533 : 32.142857
Ped-Xing : 4 : 1343 : 4.395488739013672 : 75.0
Ped-XingFmLft : 15 : 952 : 16.183191299438477 : 46.666668
Ped-XingFmRht : 15 : 1356 : 16.481094360351562 : 46.666668
TL-Amber : 14 : 720 : 0.7718579769134521 : 14.285715
TL-Green : 31 : 766 : 32.051719665527344 : 41.935482
TL-Red : 17 : 717 : 10.373922348022461 : 23.529411

Mean AP:: 19.52 mean Recall 41.37


Results for val_3 & triplet @ 0.20 stiou

Bus-MovTow-IncomLane : 7 : 193 : 65.77536010742188 : 85.71429
Bus-MovTow-Jun : 4 : 210 : 16.0977783203125 : 100.0
Bus-Stop-IncomLane : 2 : 183 : 7.711639881134033 : 100.0
Bus-Stop-VehLane : 2 : 142 : 50.0 : 50.0
Bus-XingFmLft-Jun : 4 : 238 : 0.54347825050354 : 25.0
Car-Brake-Jun : 8 : 60 : 12.5 : 12.5
Car-Brake-VehLane : 30 : 136 : 10.599507331848145 : 20.0
Car-IncatLft-Jun : 11 : 286 : 2.694805383682251 : 18.181818
Car-IncatLft-VehLane : 7 : 174 : 0.2463054358959198 : 14.285715
Car-IncatRht-IncomLane : 3 : 361 : 54.64646911621094 : 100.0
Car-IncatRht-Jun : 6 : 214 : 0.4385964870452881 : 16.666668
Car-MovAway-Jun : 44 : 287 : 15.294197082519531 : 29.545454
Car-MovAway-OutgoLane : 12 : 413 : 13.358222961425781 : 66.66667
Car-MovAway-VehLane : 27 : 318 : 27.950754165649414 : 44.444447
Car-MovTow-IncomLane : 67 : 493 : 77.40093231201172 : 83.58209
Car-MovTow-Jun : 19 : 434 : 2.832491636276245 : 26.31579
Car-Stop-IncomLane : 36 : 438 : 55.4229736328125 : 66.66667
Car-Stop-Jun : 18 : 424 : 5.688541889190674 : 11.111112
Car-Stop-VehLane : 21 : 248 : 25.187257766723633 : 33.333336
Car-TurLft-Jun : 10 : 291 : 2.8130459785461426 : 50.0
Car-TurLft-VehLane : 3 : 102 : 0.0 : 0.0
Car-TurRht-IncomLane : 1 : 247 : 0.0 : 0.0
Car-TurRht-Jun : 5 : 205 : 21.011493682861328 : 40.0
Car-XingFmLft-Jun : 31 : 298 : 35.578941345214844 : 64.51613
Cyc-MovAway-Jun : 7 : 357 : 0.06802722066640854 : 14.285715
Cyc-MovAway-LftPav : 5 : 259 : 2.5 : 20.0
Cyc-MovAway-OutgoCycLane : 14 : 363 : 38.83503341674805 : 42.857143
Cyc-MovAway-OutgoLane : 5 : 144 : 1.4285715818405151 : 20.0
Cyc-MovAway-VehLane : 13 : 229 : 12.621235847473145 : 46.153847
Cyc-MovTow-IncomCycLane : 23 : 564 : 61.05088424682617 : 69.565216
Cyc-MovTow-IncomLane : 17 : 381 : 14.650238037109375 : 41.17647
Cyc-MovTow-Jun : 5 : 240 : 9.036232948303223 : 60.000004
Cyc-MovTow-LftPav : 3 : 225 : 65.47618865966797 : 100.0
Cyc-Stop-IncomCycLane : 3 : 357 : 4.071075439453125 : 66.66667
Cyc-Stop-IncomLane : 10 : 183 : 9.136905670166016 : 30.000002
Cyc-Stop-Jun : 5 : 203 : 7.047618865966797 : 40.0
Cyc-TurLft-Jun : 5 : 190 : 0.0 : 0.0
Cyc-XingFmLft-Jun : 1 : 163 : 0.0 : 0.0
MedVeh-MovTow-IncomLane : 16 : 369 : 66.02845001220703 : 81.25
MedVeh-MovTow-Jun : 3 : 301 : 0.4385964870452881 : 33.333336
MedVeh-Stop-IncomLane : 8 : 206 : 41.45427322387695 : 75.0
MedVeh-Stop-Jun : 1 : 200 : 0.0 : 0.0
MedVeh-TurRht-Jun : 1 : 245 : 0.9803922176361084 : 100.0
Ped-Mov-Pav : 22 : 664 : 8.938680648803711 : 22.727274
Ped-MovAway-LftPav : 74 : 1249 : 21.023378372192383 : 40.54054
Ped-MovAway-Pav : 22 : 1251 : 0.03148656710982323 : 13.636364
Ped-MovAway-RhtPav : 51 : 1389 : 12.10999870300293 : 35.294117
Ped-MovTow-IncomLane : 1 : 258 : 0.0 : 0.0
Ped-MovTow-LftPav : 81 : 1195 : 31.24891471862793 : 48.148148
Ped-MovTow-RhtPav : 73 : 1054 : 27.31427764892578 : 43.835617
Ped-MovTow-VehLane : 1 : 663 : 0.8928571939468384 : 100.0
Ped-PushObj-LftPav : 3 : 786 : 33.333335876464844 : 33.333336
Ped-PushObj-RhtPav : 2 : 778 : 0.0 : 0.0
Ped-Stop-BusStop : 6 : 1134 : 0.641025722026825 : 16.666668
Ped-Stop-LftPav : 23 : 1079 : 12.965104103088379 : 34.782608
Ped-Stop-Pav : 7 : 620 : 0.1190476343035698 : 14.285715
Ped-Stop-RhtPav : 27 : 955 : 8.668824195861816 : 29.62963
Ped-Stop-VehLane : 1 : 315 : 0.0 : 0.0
Ped-Wait2X-LftPav : 8 : 845 : 13.562091827392578 : 25.0
Ped-Wait2X-RhtPav : 17 : 605 : 7.136117458343506 : 17.647058
Ped-XingFmLft-IncomLane : 1 : 159 : 0.0 : 0.0
Ped-XingFmLft-Jun : 1 : 282 : 5.555555820465088 : 100.0
Ped-XingFmLft-VehLane : 1 : 252 : 25.0 : 100.0
Ped-XingFmLft-xing : 12 : 519 : 6.411949634552002 : 41.666664
Ped-XingFmRht-IncomLane : 4 : 302 : 0.2604166865348816 : 25.0
Ped-XingFmRht-Jun : 1 : 225 : 0.0 : 0.0
Ped-XingFmRht-RhtPav : 3 : 59 : 0.0 : 0.0
Ped-XingFmRht-VehLane : 2 : 190 : 0.0 : 0.0

Mean AP:: 15.50 mean Recall 38.84
